Analysis & Synthesis report for system
Mon Nov 16 00:54:57 2020
Quartus Prime Version 20.1.0 Build 711 06/05/2020 SJ Lite Edition


---------------------
; Table of Contents ;
---------------------
  1. Legal Notice
  2. Analysis & Synthesis Summary
  3. Analysis & Synthesis Settings
  4. Parallel Compilation
  5. Analysis & Synthesis Source Files Read
  6. Analysis & Synthesis Resource Usage Summary
  7. Analysis & Synthesis Resource Utilization by Entity
  8. General Register Statistics
  9. Multiplexer Restructuring Statistics (Restructuring Performed)
 10. Parameter Settings for User Entity Instance: knight_rider:kr
 11. Parameter Settings for User Entity Instance: knight_rider:kr|clock_divider:clk_divider
 12. Post-Synthesis Netlist Statistics for Top Partition
 13. Elapsed Time Per Partition
 14. Analysis & Synthesis Messages



----------------
; Legal Notice ;
----------------
Copyright (C) 2020  Intel Corporation. All rights reserved.
Your use of Intel Corporation's design tools, logic functions 
and other software and tools, and any partner logic 
functions, and any output files from any of the foregoing 
(including device programming or simulation files), and any 
associated documentation or information are expressly subject 
to the terms and conditions of the Intel Program License 
Subscription Agreement, the Intel Quartus Prime License Agreement,
the Intel FPGA IP License Agreement, or other applicable license
agreement, including, without limitation, that your use is for
the sole purpose of programming logic devices manufactured by
Intel and sold by Intel or its authorized distributors.  Please
refer to the applicable agreement for further details, at
https://fpgasoftware.intel.com/eula.



+----------------------------------------------------------------------------------+
; Analysis & Synthesis Summary                                                     ;
+------------------------------------+---------------------------------------------+
; Analysis & Synthesis Status        ; Successful - Mon Nov 16 00:54:57 2020       ;
; Quartus Prime Version              ; 20.1.0 Build 711 06/05/2020 SJ Lite Edition ;
; Revision Name                      ; system                                      ;
; Top-level Entity Name              ; board_terasic                               ;
; Family                             ; MAX 10                                      ;
; Total logic elements               ; 44                                          ;
;     Total combinational functions  ; 44                                          ;
;     Dedicated logic registers      ; 32                                          ;
; Total registers                    ; 32                                          ;
; Total pins                         ; 71                                          ;
; Total virtual pins                 ; 0                                           ;
; Total memory bits                  ; 0                                           ;
; Embedded Multiplier 9-bit elements ; 0                                           ;
; Total PLLs                         ; 0                                           ;
; UFM blocks                         ; 0                                           ;
; ADC blocks                         ; 0                                           ;
+------------------------------------+---------------------------------------------+


+------------------------------------------------------------------------------------------------------------+
; Analysis & Synthesis Settings                                                                              ;
+------------------------------------------------------------------+--------------------+--------------------+
; Option                                                           ; Setting            ; Default Value      ;
+------------------------------------------------------------------+--------------------+--------------------+
; Device                                                           ; 10M50DAF484C7G     ;                    ;
; Top-level entity name                                            ; board_terasic      ; system             ;
; Family name                                                      ; MAX 10 FPGA        ; Cyclone V          ;
; Maximum processors allowed for parallel compilation              ; 4                  ;                    ;
; Use smart compilation                                            ; Off                ; Off                ;
; Enable parallel Assembler and Timing Analyzer during compilation ; On                 ; On                 ;
; Enable compact report table                                      ; Off                ; Off                ;
; Restructure Multiplexers                                         ; Auto               ; Auto               ;
; Create Debugging Nodes for IP Cores                              ; Off                ; Off                ;
; Preserve fewer node names                                        ; On                 ; On                 ;
; Intel FPGA IP Evaluation Mode                                    ; Enable             ; Enable             ;
; Verilog Version                                                  ; Verilog_2001       ; Verilog_2001       ;
; VHDL Version                                                     ; VHDL_1993          ; VHDL_1993          ;
; State Machine Processing                                         ; Auto               ; Auto               ;
; Safe State Machine                                               ; Off                ; Off                ;
; Extract Verilog State Machines                                   ; On                 ; On                 ;
; Extract VHDL State Machines                                      ; On                 ; On                 ;
; Ignore Verilog initial constructs                                ; Off                ; Off                ;
; Iteration limit for constant Verilog loops                       ; 5000               ; 5000               ;
; Iteration limit for non-constant Verilog loops                   ; 250                ; 250                ;
; Add Pass-Through Logic to Inferred RAMs                          ; On                 ; On                 ;
; Infer RAMs from Raw Logic                                        ; On                 ; On                 ;
; Parallel Synthesis                                               ; On                 ; On                 ;
; DSP Block Balancing                                              ; Auto               ; Auto               ;
; NOT Gate Push-Back                                               ; On                 ; On                 ;
; Power-Up Don't Care                                              ; On                 ; On                 ;
; Remove Redundant Logic Cells                                     ; Off                ; Off                ;
; Remove Duplicate Registers                                       ; On                 ; On                 ;
; Ignore CARRY Buffers                                             ; Off                ; Off                ;
; Ignore CASCADE Buffers                                           ; Off                ; Off                ;
; Ignore GLOBAL Buffers                                            ; Off                ; Off                ;
; Ignore ROW GLOBAL Buffers                                        ; Off                ; Off                ;
; Ignore LCELL Buffers                                             ; Off                ; Off                ;
; Ignore SOFT Buffers                                              ; On                 ; On                 ;
; Limit AHDL Integers to 32 Bits                                   ; Off                ; Off                ;
; Optimization Technique                                           ; Balanced           ; Balanced           ;
; Carry Chain Length                                               ; 70                 ; 70                 ;
; Auto Carry Chains                                                ; On                 ; On                 ;
; Auto Open-Drain Pins                                             ; On                 ; On                 ;
; Perform WYSIWYG Primitive Resynthesis                            ; Off                ; Off                ;
; Auto ROM Replacement                                             ; On                 ; On                 ;
; Auto RAM Replacement                                             ; On                 ; On                 ;
; Auto DSP Block Replacement                                       ; On                 ; On                 ;
; Auto Shift Register Replacement                                  ; Auto               ; Auto               ;
; Allow Shift Register Merging across Hierarchies                  ; Auto               ; Auto               ;
; Auto Clock Enable Replacement                                    ; On                 ; On                 ;
; Strict RAM Replacement                                           ; Off                ; Off                ;
; Allow Synchronous Control Signals                                ; On                 ; On                 ;
; Force Use of Synchronous Clear Signals                           ; Off                ; Off                ;
; Auto RAM Block Balancing                                         ; On                 ; On                 ;
; Auto RAM to Logic Cell Conversion                                ; Off                ; Off                ;
; Auto Resource Sharing                                            ; Off                ; Off                ;
; Allow Any RAM Size For Recognition                               ; Off                ; Off                ;
; Allow Any ROM Size For Recognition                               ; Off                ; Off                ;
; Allow Any Shift Register Size For Recognition                    ; Off                ; Off                ;
; Use LogicLock Constraints during Resource Balancing              ; On                 ; On                 ;
; Ignore translate_off and synthesis_off directives                ; Off                ; Off                ;
; Timing-Driven Synthesis                                          ; On                 ; On                 ;
; Report Parameter Settings                                        ; On                 ; On                 ;
; Report Source Assignments                                        ; On                 ; On                 ;
; Report Connectivity Checks                                       ; On                 ; On                 ;
; Ignore Maximum Fan-Out Assignments                               ; Off                ; Off                ;
; Synchronization Register Chain Length                            ; 2                  ; 2                  ;
; Power Optimization During Synthesis                              ; Normal compilation ; Normal compilation ;
; HDL message level                                                ; Level2             ; Level2             ;
; Suppress Register Optimization Related Messages                  ; Off                ; Off                ;
; Number of Removed Registers Reported in Synthesis Report         ; 5000               ; 5000               ;
; Number of Swept Nodes Reported in Synthesis Report               ; 5000               ; 5000               ;
; Number of Inverted Registers Reported in Synthesis Report        ; 100                ; 100                ;
; Clock MUX Protection                                             ; On                 ; On                 ;
; Auto Gated Clock Conversion                                      ; Off                ; Off                ;
; Block Design Naming                                              ; Auto               ; Auto               ;
; SDC constraint protection                                        ; Off                ; Off                ;
; Synthesis Effort                                                 ; Auto               ; Auto               ;
; Shift Register Replacement - Allow Asynchronous Clear Signal     ; On                 ; On                 ;
; Pre-Mapping Resynthesis Optimization                             ; Off                ; Off                ;
; Analysis & Synthesis Message Level                               ; Medium             ; Medium             ;
; Disable Register Merging Across Hierarchies                      ; Auto               ; Auto               ;
; Resource Aware Inference For Block RAM                           ; On                 ; On                 ;
+------------------------------------------------------------------+--------------------+--------------------+


+------------------------------------------+
; Parallel Compilation                     ;
+----------------------------+-------------+
; Processors                 ; Number      ;
+----------------------------+-------------+
; Number detected on machine ; 16          ;
; Maximum allowed            ; 4           ;
;                            ;             ;
; Average used               ; 1.00        ;
; Maximum used               ; 4           ;
;                            ;             ;
; Usage by Processor         ; % Time Used ;
;     Processor 1            ; 100.0%      ;
;     Processors 2-4         ;   0.0%      ;
+----------------------------+-------------+


+----------------------------------------------------------------------------------------------------------------------------------------------------------------------------------------------------------+
; Analysis & Synthesis Source Files Read                                                                                                                                                                   ;
+----------------------------------+-----------------+------------------------------+------------------------------------------------------------------------------------------------------------+---------+
; File Name with User-Entered Path ; Used in Netlist ; File Type                    ; File Name with Absolute Path                                                                               ; Library ;
+----------------------------------+-----------------+------------------------------+------------------------------------------------------------------------------------------------------------+---------+
; ../rtl/board_terasic.sv          ; yes             ; User SystemVerilog HDL File  ; /media/rvm/data/VLSI.X416/fpga_lab/intro_to_fpga/intro_to_digital/00_intro_to_digital/rtl/board_terasic.sv ;         ;
; ../rtl/clock_divider.v           ; yes             ; User SystemVerilog HDL File  ; /media/rvm/data/VLSI.X416/fpga_lab/intro_to_fpga/intro_to_digital/00_intro_to_digital/rtl/clock_divider.v  ;         ;
; ../rtl/knight_rider.v            ; yes             ; User SystemVerilog HDL File  ; /media/rvm/data/VLSI.X416/fpga_lab/intro_to_fpga/intro_to_digital/00_intro_to_digital/rtl/knight_rider.v   ;         ;
+----------------------------------+-----------------+------------------------------+------------------------------------------------------------------------------------------------------------+---------+


+---------------------------------------------------------+
; Analysis & Synthesis Resource Usage Summary             ;
+---------------------------------------------+-----------+
; Resource                                    ; Usage     ;
+---------------------------------------------+-----------+
; Estimated Total logic elements              ; 44        ;
;                                             ;           ;
; Total combinational functions               ; 44        ;
; Logic element usage by number of LUT inputs ;           ;
;     -- 4 input functions                    ; 11        ;
;     -- 3 input functions                    ; 5         ;
;     -- <=2 input functions                  ; 28        ;
;                                             ;           ;
; Logic elements by mode                      ;           ;
;     -- normal mode                          ; 17        ;
;     -- arithmetic mode                      ; 27        ;
;                                             ;           ;
; Total registers                             ; 32        ;
;     -- Dedicated logic registers            ; 32        ;
;     -- I/O registers                        ; 0         ;
;                                             ;           ;
; I/O pins                                    ; 71        ;
;                                             ;           ;
; Embedded Multiplier 9-bit elements          ; 0         ;
;                                             ;           ;
; Maximum fan-out node                        ; CLK~input ;
; Maximum fan-out                             ; 27        ;
; Total fan-out                               ; 257       ;
; Average fan-out                             ; 1.18      ;
+---------------------------------------------+-----------+


+----------------------------------------------------------------------------------------------------------------------------------------------------------------------------------------------------------------------------------------------------------------------------------+
; Analysis & Synthesis Resource Utilization by Entity                                                                                                                                                                                                                              ;
+-----------------------------------+---------------------+---------------------------+-------------+------------+--------------+---------+-----------+------+--------------+------------+----------------------------------------------------------+---------------+--------------+
; Compilation Hierarchy Node        ; Combinational ALUTs ; Dedicated Logic Registers ; Memory Bits ; UFM Blocks ; DSP Elements ; DSP 9x9 ; DSP 18x18 ; Pins ; Virtual Pins ; ADC blocks ; Full Hierarchy Name                                      ; Entity Name   ; Library Name ;
+-----------------------------------+---------------------+---------------------------+-------------+------------+--------------+---------+-----------+------+--------------+------------+----------------------------------------------------------+---------------+--------------+
; |board_terasic                    ; 44 (0)              ; 32 (0)                    ; 0           ; 0          ; 0            ; 0       ; 0         ; 71   ; 0            ; 0          ; |board_terasic                                           ; board_terasic ; work         ;
;    |knight_rider:kr|              ; 44 (16)             ; 32 (5)                    ; 0           ; 0          ; 0            ; 0       ; 0         ; 0    ; 0            ; 0          ; |board_terasic|knight_rider:kr                           ; knight_rider  ; work         ;
;       |clock_divider:clk_divider| ; 28 (28)             ; 27 (27)                   ; 0           ; 0          ; 0            ; 0       ; 0         ; 0    ; 0            ; 0          ; |board_terasic|knight_rider:kr|clock_divider:clk_divider ; clock_divider ; work         ;
+-----------------------------------+---------------------+---------------------------+-------------+------------+--------------+---------+-----------+------+--------------+------------+----------------------------------------------------------+---------------+--------------+
Note: For table entries with two numbers listed, the numbers in parentheses indicate the number of resources of the given type used by the specific entity alone. The numbers listed outside of parentheses indicate the total resources of the given type used by the specific entity and all of its sub-entities in the hierarchy.


+------------------------------------------------------+
; General Register Statistics                          ;
+----------------------------------------------+-------+
; Statistic                                    ; Value ;
+----------------------------------------------+-------+
; Total registers                              ; 32    ;
; Number of registers using Synchronous Clear  ; 0     ;
; Number of registers using Synchronous Load   ; 0     ;
; Number of registers using Asynchronous Clear ; 0     ;
; Number of registers using Asynchronous Load  ; 0     ;
; Number of registers using Clock Enable       ; 0     ;
; Number of registers using Preset             ; 0     ;
+----------------------------------------------+-------+


+---------------------------------------------------------------------------------------------------------------------------------------------------------+
; Multiplexer Restructuring Statistics (Restructuring Performed)                                                                                          ;
+--------------------+-----------+---------------+----------------------+------------------------+------------+-------------------------------------------+
; Multiplexer Inputs ; Bus Width ; Baseline Area ; Area if Restructured ; Saving if Restructured ; Registered ; Example Multiplexer Output                ;
+--------------------+-----------+---------------+----------------------+------------------------+------------+-------------------------------------------+
; 3:1                ; 4 bits    ; 8 LEs         ; 4 LEs                ; 4 LEs                  ; No         ; |board_terasic|knight_rider:kr|ShiftLeft0 ;
; 3:1                ; 2 bits    ; 4 LEs         ; 2 LEs                ; 2 LEs                  ; No         ; |board_terasic|knight_rider:kr|ShiftLeft0 ;
+--------------------+-----------+---------------+----------------------+------------------------+------------+-------------------------------------------+


+--------------------------------------------------------------+
; Parameter Settings for User Entity Instance: knight_rider:kr ;
+----------------+-------+-------------------------------------+
; Parameter Name ; Value ; Type                                ;
+----------------+-------+-------------------------------------+
; WIDTH          ; 4     ; Signed Integer                      ;
+----------------+-------+-------------------------------------+
Note: In order to hide this table in the UI and the text report file, please set the "Show Parameter Settings in Synthesis Report" option in "Analysis and Synthesis Settings -> More Settings" to "Off".


+----------------------------------------------------------------------------------------+
; Parameter Settings for User Entity Instance: knight_rider:kr|clock_divider:clk_divider ;
+-----------------+-------+--------------------------------------------------------------+
; Parameter Name  ; Value ; Type                                                         ;
+-----------------+-------+--------------------------------------------------------------+
; DIV_POW_FASTEST ; 10    ; Signed Integer                                               ;
; DIV_POW_SLOWEST ; 26    ; Signed Integer                                               ;
+-----------------+-------+--------------------------------------------------------------+
Note: In order to hide this table in the UI and the text report file, please set the "Show Parameter Settings in Synthesis Report" option in "Analysis and Synthesis Settings -> More Settings" to "Off".


+-----------------------------------------------------+
; Post-Synthesis Netlist Statistics for Top Partition ;
+-----------------------+-----------------------------+
; Type                  ; Count                       ;
+-----------------------+-----------------------------+
; boundary_port         ; 71                          ;
; cycloneiii_ff         ; 32                          ;
;     plain             ; 32                          ;
; cycloneiii_lcell_comb ; 50                          ;
;     arith             ; 27                          ;
;         2 data inputs ; 24                          ;
;         3 data inputs ; 3                           ;
;     normal            ; 23                          ;
;         0 data inputs ; 1                           ;
;         1 data inputs ; 8                           ;
;         2 data inputs ; 1                           ;
;         3 data inputs ; 2                           ;
;         4 data inputs ; 11                          ;
;                       ;                             ;
; Max LUT depth         ; 3.40                        ;
; Average LUT depth     ; 2.25                        ;
+-----------------------+-----------------------------+


+-------------------------------+
; Elapsed Time Per Partition    ;
+----------------+--------------+
; Partition Name ; Elapsed Time ;
+----------------+--------------+
; Top            ; 00:00:00     ;
+----------------+--------------+


+-------------------------------+
; Analysis & Synthesis Messages ;
+-------------------------------+
Info: *******************************************************************
Info: Running Quartus Prime Analysis & Synthesis
    Info: Version 20.1.0 Build 711 06/05/2020 SJ Lite Edition
    Info: Processing started: Mon Nov 16 00:54:51 2020
Info: Command: quartus_map --read_settings_files=on --write_settings_files=off system -c system
Info (20032): Parallel compilation is enabled and will use up to 4 processors
Info (12021): Found 1 design units, including 1 entities, in source file /media/rvm/data/VLSI.X416/fpga_lab/intro_to_fpga/intro_to_digital/00_intro_to_digital/rtl/board_terasic.sv
    Info (12023): Found entity 1: board_terasic File: /media/rvm/data/VLSI.X416/fpga_lab/intro_to_fpga/intro_to_digital/00_intro_to_digital/rtl/board_terasic.sv Line: 2
Info (12021): Found 1 design units, including 1 entities, in source file /media/rvm/data/VLSI.X416/fpga_lab/intro_to_fpga/intro_to_digital/00_intro_to_digital/rtl/switch_to_led.v
    Info (12023): Found entity 1: switch_to_led File: /media/rvm/data/VLSI.X416/fpga_lab/intro_to_fpga/intro_to_digital/00_intro_to_digital/rtl/switch_to_led.v Line: 1
Info (12021): Found 5 design units, including 5 entities, in source file /media/rvm/data/VLSI.X416/fpga_lab/intro_to_fpga/intro_to_digital/00_intro_to_digital/rtl/mux_2_to_1.v
    Info (12023): Found entity 1: mux_2_to_1_simple File: /media/rvm/data/VLSI.X416/fpga_lab/intro_to_fpga/intro_to_digital/00_intro_to_digital/rtl/mux_2_to_1.v Line: 14
    Info (12023): Found entity 2: mux_2_to_1_procedural File: /media/rvm/data/VLSI.X416/fpga_lab/intro_to_fpga/intro_to_digital/00_intro_to_digital/rtl/mux_2_to_1.v Line: 40
    Info (12023): Found entity 3: b1_mux_2_1_comb File: /media/rvm/data/VLSI.X416/fpga_lab/intro_to_fpga/intro_to_digital/00_intro_to_digital/rtl/mux_2_to_1.v Line: 60
    Info (12023): Found entity 4: b2_mux_2_1_if_statement File: /media/rvm/data/VLSI.X416/fpga_lab/intro_to_fpga/intro_to_digital/00_intro_to_digital/rtl/mux_2_to_1.v Line: 72
    Info (12023): Found entity 5: b3_mux_2_1_case File: /media/rvm/data/VLSI.X416/fpga_lab/intro_to_fpga/intro_to_digital/00_intro_to_digital/rtl/mux_2_to_1.v Line: 89
Info (12021): Found 1 design units, including 1 entities, in source file /media/rvm/data/VLSI.X416/fpga_lab/intro_to_fpga/intro_to_digital/00_intro_to_digital/rtl/clock_divider.v
    Info (12023): Found entity 1: clock_divider File: /media/rvm/data/VLSI.X416/fpga_lab/intro_to_fpga/intro_to_digital/00_intro_to_digital/rtl/clock_divider.v Line: 1
Info (12021): Found 1 design units, including 1 entities, in source file /media/rvm/data/VLSI.X416/fpga_lab/intro_to_fpga/intro_to_digital/00_intro_to_digital/rtl/knight_rider.v
    Info (12023): Found entity 1: knight_rider File: /media/rvm/data/VLSI.X416/fpga_lab/intro_to_fpga/intro_to_digital/00_intro_to_digital/rtl/knight_rider.v Line: 1
Info (12127): Elaborating entity "board_terasic" for the top level hierarchy
Warning (10034): Output port "HEX0" at board_terasic.sv(8) has no driver File: /media/rvm/data/VLSI.X416/fpga_lab/intro_to_fpga/intro_to_digital/00_intro_to_digital/rtl/board_terasic.sv Line: 8
Warning (10034): Output port "HEX1" at board_terasic.sv(9) has no driver File: /media/rvm/data/VLSI.X416/fpga_lab/intro_to_fpga/intro_to_digital/00_intro_to_digital/rtl/board_terasic.sv Line: 9
Warning (10034): Output port "HEX2" at board_terasic.sv(10) has no driver File: /media/rvm/data/VLSI.X416/fpga_lab/intro_to_fpga/intro_to_digital/00_intro_to_digital/rtl/board_terasic.sv Line: 10
Warning (10034): Output port "HEX3" at board_terasic.sv(11) has no driver File: /media/rvm/data/VLSI.X416/fpga_lab/intro_to_fpga/intro_to_digital/00_intro_to_digital/rtl/board_terasic.sv Line: 11
Warning (10034): Output port "HEX4" at board_terasic.sv(12) has no driver File: /media/rvm/data/VLSI.X416/fpga_lab/intro_to_fpga/intro_to_digital/00_intro_to_digital/rtl/board_terasic.sv Line: 12
Warning (10034): Output port "HEX5" at board_terasic.sv(14) has no driver File: /media/rvm/data/VLSI.X416/fpga_lab/intro_to_fpga/intro_to_digital/00_intro_to_digital/rtl/board_terasic.sv Line: 14
Info (12128): Elaborating entity "knight_rider" for hierarchy "knight_rider:kr" File: /media/rvm/data/VLSI.X416/fpga_lab/intro_to_fpga/intro_to_digital/00_intro_to_digital/rtl/board_terasic.sv Line: 22
Info (12128): Elaborating entity "clock_divider" for hierarchy "knight_rider:kr|clock_divider:clk_divider" File: /media/rvm/data/VLSI.X416/fpga_lab/intro_to_fpga/intro_to_digital/00_intro_to_digital/rtl/knight_rider.v Line: 21
Warning (13024): Output pins are stuck at VCC or GND
    Warning (13410): Pin "HEX0[0]" is stuck at GND File: /media/rvm/data/VLSI.X416/fpga_lab/intro_to_fpga/intro_to_digital/00_intro_to_digital/rtl/board_terasic.sv Line: 8
    Warning (13410): Pin "HEX0[1]" is stuck at GND File: /media/rvm/data/VLSI.X416/fpga_lab/intro_to_fpga/intro_to_digital/00_intro_to_digital/rtl/board_terasic.sv Line: 8
    Warning (13410): Pin "HEX0[2]" is stuck at GND File: /media/rvm/data/VLSI.X416/fpga_lab/intro_to_fpga/intro_to_digital/00_intro_to_digital/rtl/board_terasic.sv Line: 8
    Warning (13410): Pin "HEX0[3]" is stuck at GND File: /media/rvm/data/VLSI.X416/fpga_lab/intro_to_fpga/intro_to_digital/00_intro_to_digital/rtl/board_terasic.sv Line: 8
    Warning (13410): Pin "HEX0[4]" is stuck at GND File: /media/rvm/data/VLSI.X416/fpga_lab/intro_to_fpga/intro_to_digital/00_intro_to_digital/rtl/board_terasic.sv Line: 8
    Warning (13410): Pin "HEX0[5]" is stuck at GND File: /media/rvm/data/VLSI.X416/fpga_lab/intro_to_fpga/intro_to_digital/00_intro_to_digital/rtl/board_terasic.sv Line: 8
    Warning (13410): Pin "HEX0[6]" is stuck at GND File: /media/rvm/data/VLSI.X416/fpga_lab/intro_to_fpga/intro_to_digital/00_intro_to_digital/rtl/board_terasic.sv Line: 8
    Warning (13410): Pin "HEX0[7]" is stuck at GND File: /media/rvm/data/VLSI.X416/fpga_lab/intro_to_fpga/intro_to_digital/00_intro_to_digital/rtl/board_terasic.sv Line: 8
    Warning (13410): Pin "HEX1[0]" is stuck at GND File: /media/rvm/data/VLSI.X416/fpga_lab/intro_to_fpga/intro_to_digital/00_intro_to_digital/rtl/board_terasic.sv Line: 9
    Warning (13410): Pin "HEX1[1]" is stuck at GND File: /media/rvm/data/VLSI.X416/fpga_lab/intro_to_fpga/intro_to_digital/00_intro_to_digital/rtl/board_terasic.sv Line: 9
    Warning (13410): Pin "HEX1[2]" is stuck at GND File: /media/rvm/data/VLSI.X416/fpga_lab/intro_to_fpga/intro_to_digital/00_intro_to_digital/rtl/board_terasic.sv Line: 9
    Warning (13410): Pin "HEX1[3]" is stuck at GND File: /media/rvm/data/VLSI.X416/fpga_lab/intro_to_fpga/intro_to_digital/00_intro_to_digital/rtl/board_terasic.sv Line: 9
    Warning (13410): Pin "HEX1[4]" is stuck at GND File: /media/rvm/data/VLSI.X416/fpga_lab/intro_to_fpga/intro_to_digital/00_intro_to_digital/rtl/board_terasic.sv Line: 9
    Warning (13410): Pin "HEX1[5]" is stuck at GND File: /media/rvm/data/VLSI.X416/fpga_lab/intro_to_fpga/intro_to_digital/00_intro_to_digital/rtl/board_terasic.sv Line: 9
    Warning (13410): Pin "HEX1[6]" is stuck at GND File: /media/rvm/data/VLSI.X416/fpga_lab/intro_to_fpga/intro_to_digital/00_intro_to_digital/rtl/board_terasic.sv Line: 9
    Warning (13410): Pin "HEX1[7]" is stuck at GND File: /media/rvm/data/VLSI.X416/fpga_lab/intro_to_fpga/intro_to_digital/00_intro_to_digital/rtl/board_terasic.sv Line: 9
    Warning (13410): Pin "HEX2[0]" is stuck at GND File: /media/rvm/data/VLSI.X416/fpga_lab/intro_to_fpga/intro_to_digital/00_intro_to_digital/rtl/board_terasic.sv Line: 10
    Warning (13410): Pin "HEX2[1]" is stuck at GND File: /media/rvm/data/VLSI.X416/fpga_lab/intro_to_fpga/intro_to_digital/00_intro_to_digital/rtl/board_terasic.sv Line: 10
    Warning (13410): Pin "HEX2[2]" is stuck at GND File: /media/rvm/data/VLSI.X416/fpga_lab/intro_to_fpga/intro_to_digital/00_intro_to_digital/rtl/board_terasic.sv Line: 10
    Warning (13410): Pin "HEX2[3]" is stuck at GND File: /media/rvm/data/VLSI.X416/fpga_lab/intro_to_fpga/intro_to_digital/00_intro_to_digital/rtl/board_terasic.sv Line: 10
    Warning (13410): Pin "HEX2[4]" is stuck at GND File: /media/rvm/data/VLSI.X416/fpga_lab/intro_to_fpga/intro_to_digital/00_intro_to_digital/rtl/board_terasic.sv Line: 10
    Warning (13410): Pin "HEX2[5]" is stuck at GND File: /media/rvm/data/VLSI.X416/fpga_lab/intro_to_fpga/intro_to_digital/00_intro_to_digital/rtl/board_terasic.sv Line: 10
    Warning (13410): Pin "HEX2[6]" is stuck at GND File: /media/rvm/data/VLSI.X416/fpga_lab/intro_to_fpga/intro_to_digital/00_intro_to_digital/rtl/board_terasic.sv Line: 10
    Warning (13410): Pin "HEX2[7]" is stuck at GND File: /media/rvm/data/VLSI.X416/fpga_lab/intro_to_fpga/intro_to_digital/00_intro_to_digital/rtl/board_terasic.sv Line: 10
    Warning (13410): Pin "HEX3[0]" is stuck at GND File: /media/rvm/data/VLSI.X416/fpga_lab/intro_to_fpga/intro_to_digital/00_intro_to_digital/rtl/board_terasic.sv Line: 11
    Warning (13410): Pin "HEX3[1]" is stuck at GND File: /media/rvm/data/VLSI.X416/fpga_lab/intro_to_fpga/intro_to_digital/00_intro_to_digital/rtl/board_terasic.sv Line: 11
    Warning (13410): Pin "HEX3[2]" is stuck at GND File: /media/rvm/data/VLSI.X416/fpga_lab/intro_to_fpga/intro_to_digital/00_intro_to_digital/rtl/board_terasic.sv Line: 11
    Warning (13410): Pin "HEX3[3]" is stuck at GND File: /media/rvm/data/VLSI.X416/fpga_lab/intro_to_fpga/intro_to_digital/00_intro_to_digital/rtl/board_terasic.sv Line: 11
    Warning (13410): Pin "HEX3[4]" is stuck at GND File: /media/rvm/data/VLSI.X416/fpga_lab/intro_to_fpga/intro_to_digital/00_intro_to_digital/rtl/board_terasic.sv Line: 11
    Warning (13410): Pin "HEX3[5]" is stuck at GND File: /media/rvm/data/VLSI.X416/fpga_lab/intro_to_fpga/intro_to_digital/00_intro_to_digital/rtl/board_terasic.sv Line: 11
    Warning (13410): Pin "HEX3[6]" is stuck at GND File: /media/rvm/data/VLSI.X416/fpga_lab/intro_to_fpga/intro_to_digital/00_intro_to_digital/rtl/board_terasic.sv Line: 11
    Warning (13410): Pin "HEX3[7]" is stuck at GND File: /media/rvm/data/VLSI.X416/fpga_lab/intro_to_fpga/intro_to_digital/00_intro_to_digital/rtl/board_terasic.sv Line: 11
    Warning (13410): Pin "HEX4[0]" is stuck at GND File: /media/rvm/data/VLSI.X416/fpga_lab/intro_to_fpga/intro_to_digital/00_intro_to_digital/rtl/board_terasic.sv Line: 12
    Warning (13410): Pin "HEX4[1]" is stuck at GND File: /media/rvm/data/VLSI.X416/fpga_lab/intro_to_fpga/intro_to_digital/00_intro_to_digital/rtl/board_terasic.sv Line: 12
    Warning (13410): Pin "HEX4[2]" is stuck at GND File: /media/rvm/data/VLSI.X416/fpga_lab/intro_to_fpga/intro_to_digital/00_intro_to_digital/rtl/board_terasic.sv Line: 12
    Warning (13410): Pin "HEX4[3]" is stuck at GND File: /media/rvm/data/VLSI.X416/fpga_lab/intro_to_fpga/intro_to_digital/00_intro_to_digital/rtl/board_terasic.sv Line: 12
    Warning (13410): Pin "HEX4[4]" is stuck at GND File: /media/rvm/data/VLSI.X416/fpga_lab/intro_to_fpga/intro_to_digital/00_intro_to_digital/rtl/board_terasic.sv Line: 12
    Warning (13410): Pin "HEX4[5]" is stuck at GND File: /media/rvm/data/VLSI.X416/fpga_lab/intro_to_fpga/intro_to_digital/00_intro_to_digital/rtl/board_terasic.sv Line: 12
    Warning (13410): Pin "HEX4[6]" is stuck at GND File: /media/rvm/data/VLSI.X416/fpga_lab/intro_to_fpga/intro_to_digital/00_intro_to_digital/rtl/board_terasic.sv Line: 12
    Warning (13410): Pin "HEX4[7]" is stuck at GND File: /media/rvm/data/VLSI.X416/fpga_lab/intro_to_fpga/intro_to_digital/00_intro_to_digital/rtl/board_terasic.sv Line: 12
    Warning (13410): Pin "HEX5[0]" is stuck at GND File: /media/rvm/data/VLSI.X416/fpga_lab/intro_to_fpga/intro_to_digital/00_intro_to_digital/rtl/board_terasic.sv Line: 14
    Warning (13410): Pin "HEX5[1]" is stuck at GND File: /media/rvm/data/VLSI.X416/fpga_lab/intro_to_fpga/intro_to_digital/00_intro_to_digital/rtl/board_terasic.sv Line: 14
    Warning (13410): Pin "HEX5[2]" is stuck at GND File: /media/rvm/data/VLSI.X416/fpga_lab/intro_to_fpga/intro_to_digital/00_intro_to_digital/rtl/board_terasic.sv Line: 14
    Warning (13410): Pin "HEX5[3]" is stuck at GND File: /media/rvm/data/VLSI.X416/fpga_lab/intro_to_fpga/intro_to_digital/00_intro_to_digital/rtl/board_terasic.sv Line: 14
    Warning (13410): Pin "HEX5[4]" is stuck at GND File: /media/rvm/data/VLSI.X416/fpga_lab/intro_to_fpga/intro_to_digital/00_intro_to_digital/rtl/board_terasic.sv Line: 14
    Warning (13410): Pin "HEX5[5]" is stuck at GND File: /media/rvm/data/VLSI.X416/fpga_lab/intro_to_fpga/intro_to_digital/00_intro_to_digital/rtl/board_terasic.sv Line: 14
    Warning (13410): Pin "HEX5[6]" is stuck at GND File: /media/rvm/data/VLSI.X416/fpga_lab/intro_to_fpga/intro_to_digital/00_intro_to_digital/rtl/board_terasic.sv Line: 14
    Warning (13410): Pin "HEX5[7]" is stuck at GND File: /media/rvm/data/VLSI.X416/fpga_lab/intro_to_fpga/intro_to_digital/00_intro_to_digital/rtl/board_terasic.sv Line: 14
Info (286030): Timing-Driven Synthesis is running
Info (16010): Generating hard_block partition "hard_block:auto_generated_inst"
    Info (16011): Adding 0 node(s), including 0 DDIO, 0 PLL, 0 transceiver and 0 LCELL
Warning (21074): Design contains 10 input pin(s) that do not drive logic
    Warning (15610): No output dependent on input pin "SW[2]" File: /media/rvm/data/VLSI.X416/fpga_lab/intro_to_fpga/intro_to_digital/00_intro_to_digital/rtl/board_terasic.sv Line: 5
    Warning (15610): No output dependent on input pin "SW[3]" File: /media/rvm/data/VLSI.X416/fpga_lab/intro_to_fpga/intro_to_digital/00_intro_to_digital/rtl/board_terasic.sv Line: 5
    Warning (15610): No output dependent on input pin "SW[4]" File: /media/rvm/data/VLSI.X416/fpga_lab/intro_to_fpga/intro_to_digital/00_intro_to_digital/rtl/board_terasic.sv Line: 5
    Warning (15610): No output dependent on input pin "SW[5]" File: /media/rvm/data/VLSI.X416/fpga_lab/intro_to_fpga/intro_to_digital/00_intro_to_digital/rtl/board_terasic.sv Line: 5
    Warning (15610): No output dependent on input pin "SW[6]" File: /media/rvm/data/VLSI.X416/fpga_lab/intro_to_fpga/intro_to_digital/00_intro_to_digital/rtl/board_terasic.sv Line: 5
    Warning (15610): No output dependent on input pin "SW[7]" File: /media/rvm/data/VLSI.X416/fpga_lab/intro_to_fpga/intro_to_digital/00_intro_to_digital/rtl/board_terasic.sv Line: 5
    Warning (15610): No output dependent on input pin "SW[8]" File: /media/rvm/data/VLSI.X416/fpga_lab/intro_to_fpga/intro_to_digital/00_intro_to_digital/rtl/board_terasic.sv Line: 5
    Warning (15610): No output dependent on input pin "SW[9]" File: /media/rvm/data/VLSI.X416/fpga_lab/intro_to_fpga/intro_to_digital/00_intro_to_digital/rtl/board_terasic.sv Line: 5
    Warning (15610): No output dependent on input pin "KEY[0]" File: /media/rvm/data/VLSI.X416/fpga_lab/intro_to_fpga/intro_to_digital/00_intro_to_digital/rtl/board_terasic.sv Line: 6
    Warning (15610): No output dependent on input pin "KEY[1]" File: /media/rvm/data/VLSI.X416/fpga_lab/intro_to_fpga/intro_to_digital/00_intro_to_digital/rtl/board_terasic.sv Line: 6
Info (21057): Implemented 115 device resources after synthesis - the final resource count might be different
    Info (21058): Implemented 13 input pins
    Info (21059): Implemented 58 output pins
    Info (21061): Implemented 44 logic cells
Info: Quartus Prime Analysis & Synthesis was successful. 0 errors, 66 warnings
    Info: Peak virtual memory: 404 megabytes
    Info: Processing ended: Mon Nov 16 00:54:57 2020
    Info: Elapsed time: 00:00:06
    Info: Total CPU time (on all processors): 00:00:21


